[12-Dec-2013 16:55:33 Europe/Helsinki] PHP Fatal error:  Class 'IpnListener' not found in /home/m2pizzab/public_html/application/controllers/paypal.php on line 63
[12-Dec-2013 16:56:55 Europe/Helsinki] PHP Fatal error:  Class 'IpnListener' not found in /home/m2pizzab/public_html/application/controllers/paypal.php on line 62
[12-Dec-2013 16:57:27 Europe/Helsinki] PHP Fatal error:  Class 'IpnListener' not found in /home/m2pizzab/public_html/application/controllers/paypal.php on line 62
[12-Dec-2013 16:58:14 Europe/Helsinki] PHP Fatal error:  Class 'IpnListener' not found in /home/m2pizzab/public_html/application/controllers/paypal.php on line 62
[12-Dec-2013 16:58:58 Europe/Helsinki] PHP Fatal error:  Class 'IpnListener' not found in /home/m2pizzab/public_html/application/controllers/paypal.php on line 62
[12-Dec-2013 16:59:17 Europe/Helsinki] PHP Fatal error:  Class 'IpnListener' not found in /home/m2pizzab/public_html/application/controllers/paypal.php on line 62
[12-Dec-2013 16:59:45 Europe/Helsinki] PHP Fatal error:  Class 'IpnListener' not found in /home/m2pizzab/public_html/application/controllers/paypal.php on line 62
[12-Dec-2013 17:00:02 Europe/Helsinki] PHP Fatal error:  Class 'IpnListener' not found in /home/m2pizzab/public_html/application/controllers/paypal.php on line 62
[12-Dec-2013 17:00:40 Europe/Helsinki] cURL error: [77] error setting certificate verify locations:
  CAfile: /home/m2pizzab/public_html/application/controllers/cert/api_cert_chain.crt
  CApath: none

[12-Dec-2013 17:02:43 Europe/Helsinki] cURL error: [77] error setting certificate verify locations:
  CAfile: /home/m2pizzab/public_html/application/controllers/cert/api_cert_chain.crt
  CApath: none

[12-Dec-2013 17:03:02 Europe/Helsinki] cURL error: [77] error setting certificate verify locations:
  CAfile: /home/m2pizzab/public_html/application/controllers/cert/api_cert_chain.crt
  CApath: none

[12-Dec-2013 17:03:30 Europe/Helsinki] cURL error: [77] error setting certificate verify locations:
  CAfile: /home/m2pizzab/public_html/application/controllers/cert/api_cert_chain.crt
  CApath: none

[12-Dec-2013 17:03:56 Europe/Helsinki] cURL error: [77] error setting certificate verify locations:
  CAfile: /home/m2pizzab/public_html/application/controllers/cert/api_cert_chain.crt
  CApath: none

[12-Dec-2013 17:06:29 Europe/Helsinki] cURL error: [77] error setting certificate verify locations:
  CAfile: /home/m2pizzab/public_html/application/controllers/cert/api_cert_chain.crt
  CApath: none

[12-Dec-2013 17:20:37 Europe/Helsinki] cURL error: [77] error setting certificate verify locations:
  CAfile: /home/m2pizzab/public_html/application/controllers/cert/api_cert_chain.crt
  CApath: none

[12-Dec-2013 17:30:02 Europe/Helsinki] cURL error: [77] error setting certificate verify locations:
  CAfile: /home/m2pizzab/public_html/application/controllers/cert/api_cert_chain.crt
  CApath: none

[12-Dec-2013 17:32:07 Europe/Helsinki] cURL error: [77] error setting certificate verify locations:
  CAfile: /home/m2pizzab/public_html/application/controllers/cert/api_cert_chain.crt
  CApath: none

[12-Dec-2013 17:34:07 Europe/Helsinki] cURL error: [77] error setting certificate verify locations:
  CAfile: /home/m2pizzab/public_html/application/controllers/cert/api_cert_chain.crt
  CApath: none

[12-Dec-2013 17:35:43 Europe/Helsinki] cURL error: [77] error setting certificate verify locations:
  CAfile: /home/m2pizzab/public_html/application/controllers/cert/api_cert_chain.crt
  CApath: none

[12-Dec-2013 17:39:55 Europe/Helsinki] cURL error: [77] error setting certificate verify locations:
  CAfile: /home/m2pizzab/public_html/application/controllers/cert/api_cert_chain.crt
  CApath: none

[12-Dec-2013 17:44:08 Europe/Helsinki] PHP Fatal error:  Call to a member function insert() on a non-object in /home/m2pizzab/public_html/application/controllers/ipnlistener.php on line 113
[12-Dec-2013 17:45:10 Europe/Helsinki] PHP Fatal error:  Call to a member function insert() on a non-object in /home/m2pizzab/public_html/application/controllers/ipnlistener.php on line 85
[12-Dec-2013 17:48:09 Europe/Helsinki] PHP Fatal error:  Call to a member function insert() on a non-object in /home/m2pizzab/public_html/application/controllers/ipnlistener.php on line 264
[12-Dec-2013 17:48:57 Europe/Helsinki] PHP Fatal error:  Call to a member function insert() on a non-object in /home/m2pizzab/public_html/application/controllers/ipnlistener.php on line 264
[12-Dec-2013 17:49:55 Europe/Helsinki] PHP Fatal error:  Call to a member function insert() on a non-object in /home/m2pizzab/public_html/application/controllers/ipnlistener.php on line 264
[12-Dec-2013 17:50:46 Europe/Helsinki] PHP Fatal error:  Call to a member function insert() on a non-object in /home/m2pizzab/public_html/application/controllers/ipnlistener.php on line 264
[12-Dec-2013 17:51:21 Europe/Helsinki] PHP Fatal error:  Call to a member function insert() on a non-object in /home/m2pizzab/public_html/application/controllers/ipnlistener.php on line 264
[12-Dec-2013 17:52:46 Europe/Helsinki] PHP Fatal error:  Call to a member function insert() on a non-object in /home/m2pizzab/public_html/application/controllers/ipnlistener.php on line 264
